c:\users\100579423\desktop\first year\object oriented programming\fizzledemo\fizzledemo\solution\intermediates\vc120.pdb
c:\users\100579423\desktop\first year\object oriented programming\fizzledemo\fizzledemo\solution\intermediates\vc120.idb
c:\users\100579423\desktop\first year\object oriented programming\fizzledemo\fizzledemo\solution\intermediates\ogmain.obj
c:\users\100579423\desktop\first year\object oriented programming\fizzledemo\fizzledemo\solution\intermediates\ballin.obj
c:\users\100579423\desktop\first year\object oriented programming\fizzledemo\fizzledemo\solution\intermediates\broviet.obj
c:\users\100579423\desktop\first year\object oriented programming\fizzledemo\fizzledemo\solution\intermediates\character.obj
c:\users\100579423\desktop\first year\object oriented programming\fizzledemo\fizzledemo\solution\intermediates\crate.obj
c:\users\100579423\desktop\first year\object oriented programming\fizzledemo\fizzledemo\solution\intermediates\gamestates.obj
c:\users\100579423\desktop\first year\object oriented programming\fizzledemo\fizzledemo\solution\intermediates\gulag.obj
c:\users\100579423\desktop\first year\object oriented programming\fizzledemo\fizzledemo\solution\intermediates\kicker.obj
c:\users\100579423\desktop\first year\object oriented programming\fizzledemo\fizzledemo\solution\intermediates\main.obj
c:\users\100579423\desktop\first year\object oriented programming\fizzledemo\fizzledemo\solution\intermediates\pilot.obj
c:\users\100579423\desktop\first year\object oriented programming\fizzledemo\fizzledemo\solution\intermediates\playercharacter.obj
c:\users\100579423\desktop\first year\object oriented programming\fizzledemo\fizzledemo\solution\intermediates\states.obj
c:\users\100579423\desktop\first year\object oriented programming\fizzledemo\fizzledemo\solution\intermediates\vector.obj
c:\users\100579423\desktop\first year\object oriented programming\fizzledemo\fizzledemo\solution\intermediates\embassy.obj
c:\users\100579423\desktop\first year\object oriented programming\fizzledemo\fizzledemo\bin\x64\debug\fizzledemo.ilk
c:\users\100579423\desktop\first year\object oriented programming\fizzledemo\fizzledemo\bin\x64\debug\fizzledemo.exe
c:\users\100579423\desktop\first year\object oriented programming\fizzledemo\fizzledemo\bin\x64\debug\fizzledemo.pdb
c:\users\100579423\desktop\first year\object oriented programming\fizzledemo\fizzledemo\solution\intermediates\controller.obj
c:\users\100579423\desktop\first year\object oriented programming\fizzledemo\fizzledemo\solution\..\bin\x64\debug\fizzledemo.pdb
c:\users\100579423\desktop\first year\object oriented programming\fizzledemo\fizzledemo\solution\..\bin\x64\debug\fizzledemo.exe
c:\users\100579423\desktop\first year\object oriented programming\fizzledemo\fizzledemo\solution\..\bin\x64\debug\fizzledemo.ilk
c:\users\100579423\desktop\first year\object oriented programming\fizzledemo\fizzledemo\solution\intermediates\fizzledemo.tlog\cl.command.1.tlog
c:\users\100579423\desktop\first year\object oriented programming\fizzledemo\fizzledemo\solution\intermediates\fizzledemo.tlog\cl.read.1.tlog
c:\users\100579423\desktop\first year\object oriented programming\fizzledemo\fizzledemo\solution\intermediates\fizzledemo.tlog\cl.write.1.tlog
c:\users\100579423\desktop\first year\object oriented programming\fizzledemo\fizzledemo\solution\intermediates\fizzledemo.tlog\link.command.1.tlog
c:\users\100579423\desktop\first year\object oriented programming\fizzledemo\fizzledemo\solution\intermediates\fizzledemo.tlog\link.read.1.tlog
c:\users\100579423\desktop\first year\object oriented programming\fizzledemo\fizzledemo\solution\intermediates\fizzledemo.tlog\link.write.1.tlog
